<?xml version="1.0" encoding="UTF-8"?>
<testng-results ignored="0" total="1" passed="1" failed="0" skipped="0">
  <reporter-output>
  </reporter-output>
  <suite started-at="2023-09-11T17:10:14 IST" name="Default suite" finished-at="2023-09-11T17:10:17 IST" duration-ms="2631">
    <groups>
    </groups>
    <test started-at="2023-09-11T17:10:14 IST" name="Default test" finished-at="2023-09-11T17:10:17 IST" duration-ms="2631">
      <class name="Datatesting.colabdataportal">
        <test-method signature="brainData()[pri:0, instance:Datatesting.colabdataportal@209da20d]" started-at="2023-09-11T17:10:14 IST" name="brainData" finished-at="2023-09-11T17:10:17 IST" duration-ms="2595" status="PASS">
          <reporter-output>
          </reporter-output>
        </test-method> <!-- brainData -->
      </class> <!-- Datatesting.colabdataportal -->
    </test> <!-- Default test -->
  </suite> <!-- Default suite -->
</testng-results>
